▲ Next.js 16.1.3 (Turbopack)
- Local:         http://localhost:3000
- Network:       http://21.0.6.136:3000
- Environments: .env

✓ Starting...
✓ Ready in 840ms
○ Compiling / ...
 GET / 200 in 5.4s (compile: 5.2s, render: 225ms)
$ next dev -p 3000
▲ Next.js 16.2.7 (Turbopack)
- Local:         http://localhost:3000
- Network:       http://21.0.5.81:3000
- Environments: .env
✓ Ready in 262ms

 GET /api/push/health 200 in 441ms (next.js: 416ms, application-code: 25ms)
$ next dev -p 3000
▲ Next.js 16.2.7 (Turbopack)
- Local:         http://localhost:3000
- Network:       http://21.0.5.81:3000
- Environments: .env
✓ Ready in 257ms

 GET /api/push/health 200 in 456ms (next.js: 429ms, application-code: 27ms)
$ next dev -p 3000
▲ Next.js 16.2.7 (Turbopack)
- Local:         http://localhost:3000
- Network:       http://21.0.5.81:3000
- Environments: .env
✓ Ready in 234ms

 GET /api/push/health 200 in 336ms (next.js: 318ms, application-code: 18ms)
$ next dev -p 3000
▲ Next.js 16.2.7 (Turbopack)
- Local:         http://localhost:3000
- Network:       http://21.0.5.81:3000
- Environments: .env
✓ Ready in 249ms

$ next dev -p 3000
▲ Next.js 16.2.7 (Turbopack)
- Local:         http://localhost:3000
- Network:       http://21.0.5.81:3000
- Environments: .env
✓ Ready in 230ms

[push] Subscribed: User1 (1 total)
 POST /api/push/subscribe 200 in 346ms (next.js: 324ms, application-code: 22ms)
 GET /api/push/health 200 in 95ms (next.js: 90ms, application-code: 4ms)
$ next dev -p 3000
▲ Next.js 16.2.7 (Turbopack)
- Local:         http://localhost:3000
- Network:       http://21.0.5.81:3000
- Environments: .env
✓ Ready in 244ms

 GET /api/push/health 200 in 383ms (next.js: 363ms, application-code: 20ms)
[push] Subscribed: User1 (1 total)
 POST /api/push/subscribe 200 in 109ms (next.js: 97ms, application-code: 12ms)
 GET /api/push/health 200 in 6ms (next.js: 2ms, application-code: 3ms)
 POST /api/push/broadcast 200 in 96ms (next.js: 91ms, application-code: 5ms)
$ next dev -p 3000
▲ Next.js 16.2.7 (Turbopack)
- Local:         http://localhost:3000
- Network:       http://21.0.5.81:3000
- Environments: .env
✓ Ready in 233ms

$ next dev -p 3000
▲ Next.js 16.2.7 (Turbopack)
- Local:         http://localhost:3000
- Network:       http://21.0.5.81:3000
- Environments: .env
✓ Ready in 255ms

$ next dev -p 3000
▲ Next.js 16.2.7 (Turbopack)
- Local:         http://localhost:3000
- Network:       http://21.0.5.81:3000
- Environments: .env
✓ Ready in 281ms

 GET /api/push/health 200 in 351ms (next.js: 333ms, application-code: 18ms)
$ next dev -p 3000
▲ Next.js 16.2.7 (Turbopack)
- Local:         http://localhost:3000
- Network:       http://21.0.5.81:3000
- Environments: .env
✓ Ready in 252ms

 GET /api/push/health 200 in 338ms (next.js: 321ms, application-code: 17ms)
[push] Subscribed: User1 (1 total)
 POST /api/push/subscribe 200 in 109ms (next.js: 97ms, application-code: 12ms)
$ next dev -p 3000
▲ Next.js 16.2.7 (Turbopack)
- Local:         http://localhost:3000
- Network:       http://21.0.5.81:3000
- Environments: .env
✓ Ready in 229ms

 POST /api/push/broadcast 200 in 370ms (next.js: 348ms, application-code: 22ms)
$ next dev -p 3000
▲ Next.js 16.2.7 (Turbopack)
- Local:         http://localhost:3000
- Network:       http://21.0.5.81:3000
- Environments: .env
✓ Ready in 270ms

○ Compiling / ...
 GET / 200 in 13.8s (next.js: 13.5s, application-code: 241ms)
